<?xml version="1.0" encoding="UTF-8"?>
<!-- Generated by org.testng.reporters.JUnitReportReporter -->
<testsuite skipped="0" hostname="MSI" name="com.Dayu.wx.www.allCaseTest" tests="1" failures="0" timestamp="16 十一月 2018 07:05:53 GMT" time="74.424" errors="0">
  <testcase name="test2" time="74.424" classname="com.Dayu.wx.www.allCaseTest"/>
</testsuite> <!-- com.Dayu.wx.www.allCaseTest -->
