<?xml version="1.0" encoding="UTF-8"?>
<!-- Generated by org.testng.reporters.JUnitReportReporter -->
<testsuite skipped="0" hostname="MSI" name="com.Dayu.wx.www.allCaseTest" tests="1" failures="0" timestamp="13 十一月 2018 06:10:20 GMT" time="1135.633" errors="0">
  <testcase name="test2" time="1135.633" classname="com.Dayu.wx.www.allCaseTest"/>
</testsuite> <!-- com.Dayu.wx.www.allCaseTest -->
