<?xml version="1.0" encoding="UTF-8"?>
<!-- Generated by org.testng.reporters.JUnitReportReporter -->
<testsuite skipped="0" hostname="MSI" name="com.Dayu.www.allCaseTest" tests="1" failures="0" timestamp="30 十月 2018 04:12:43 GMT" time="3541.232" errors="0">
  <testcase name="test2" time="3541.232" classname="com.Dayu.www.allCaseTest"/>
</testsuite> <!-- com.Dayu.www.allCaseTest -->
