<?xml version="1.0" encoding="UTF-8"?>
<!-- Generated by org.testng.reporters.JUnitReportReporter -->
<testsuite skipped="0" hostname="MSI" name="com.Dayu.www.allCaseTest" tests="1" failures="0" timestamp="18 十月 2018 09:42:42 GMT" time="350.582" errors="0">
  <testcase name="test2" time="350.582" classname="com.Dayu.www.allCaseTest"/>
</testsuite> <!-- com.Dayu.www.allCaseTest -->
