<?xml version="1.0" encoding="UTF-8"?>
<!-- Generated by org.testng.reporters.JUnitReportReporter -->
<testsuite skipped="0" hostname="MSI" name="com.Dayu.www.allCaseTest" tests="1" failures="0" timestamp="02 十一月 2018 08:42:23 GMT" time="283.930" errors="0">
  <testcase name="test2" time="283.930" classname="com.Dayu.www.allCaseTest"/>
</testsuite> <!-- com.Dayu.www.allCaseTest -->
