<?xml version="1.0" encoding="UTF-8"?>
<!-- Generated by org.testng.reporters.JUnitReportReporter -->
<testsuite skipped="0" hostname="MSI" name="com.Dayu.www.allCaseTest" tests="1" failures="0" timestamp="26 十月 2018 02:54:42 GMT" time="79.286" errors="0">
  <testcase name="test2" time="79.286" classname="com.Dayu.www.allCaseTest"/>
</testsuite> <!-- com.Dayu.www.allCaseTest -->
